\BOOKMARK [1][-]{section*.1}{\376\377\000A\000b\000s\000t\000r\000a\000c\000t}{}% 1
\BOOKMARK [1][-]{section.1}{\376\377\0001\000\040\000I\000n\000t\000r\000o\000d\000u\000c\000t\000i\000o\000n}{}% 2
\BOOKMARK [1][-]{section.2}{\376\377\0002\000\040\000M\000o\000t\000i\000v\000a\000t\000i\000n\000g\000\040\000E\000x\000a\000m\000p\000l\000e}{}% 3
\BOOKMARK [1][-]{section.3}{\376\377\0003\000\040\000R\000e\000l\000a\000t\000e\000d\000\040\000W\000o\000r\000k}{}% 4
\BOOKMARK [1][-]{section.4}{\376\377\0004\000\040\000S\000e\000l\000e\000c\000t\000e\000d\000\040\000D\000a\000t\000a\000\040\000S\000o\000u\000r\000c\000e}{}% 5
\BOOKMARK [1][-]{section.5}{\376\377\0005\000\040\000C\000o\000n\000c\000e\000p\000t}{}% 6
\BOOKMARK [2][-]{subsection.5.1}{\376\377\0005\000.\0001\000\040\000P\000a\000r\000k\000i\000n\000g\000\040\000D\000a\000t\000a}{section.5}% 7
\BOOKMARK [2][-]{subsection.5.2}{\376\377\0005\000.\0002\000\040\000C\000i\000t\000y\000\040\000D\000a\000t\000a}{section.5}% 8
\BOOKMARK [2][-]{subsection.5.3}{\376\377\0005\000.\0003\000\040\000R\000D\000F\000\040\000A\000n\000n\000o\000t\000a\000t\000i\000o\000n}{section.5}% 9
\BOOKMARK [2][-]{subsection.5.4}{\376\377\0005\000.\0004\000\040\000M\000e\000r\000g\000i\000n\000g\000\040\000C\000i\000t\000y\000\040\000a\000n\000d\000\040\000P\000a\000r\000k\000\040\000D\000a\000t\000a}{section.5}% 10
\BOOKMARK [2][-]{subsection.5.5}{\376\377\0005\000.\0005\000\040\000C\000l\000u\000s\000t\000e\000r\000i\000n\000g}{section.5}% 11
\BOOKMARK [2][-]{subsection.5.6}{\376\377\0005\000.\0006\000\040\000S\000i\000m\000i\000l\000a\000r\000i\000t\000y\000\040\000F\000u\000n\000c\000t\000i\000o\000n\000s}{section.5}% 12
\BOOKMARK [2][-]{subsection.5.7}{\376\377\0005\000.\0007\000\040\000M\000a\000c\000h\000i\000n\000e\000\040\000L\000e\000a\000r\000n\000i\000n\000g\000\040\000M\000o\000d\000e\000l\000s}{section.5}% 13
\BOOKMARK [2][-]{subsection.5.8}{\376\377\0005\000.\0008\000\040\000P\000a\000r\000k\000i\000n\000g\000\040\000O\000c\000c\000u\000p\000a\000n\000c\000y\000\040\000E\000s\000t\000i\000m\000a\000t\000i\000o\000n\000s}{section.5}% 14
\BOOKMARK [1][-]{section.6}{\376\377\0006\000\040\000E\000v\000a\000l\000u\000a\000t\000i\000o\000n}{}% 15
\BOOKMARK [2][-]{subsection.6.1}{\376\377\0006\000.\0001\000\040\000S\000F\000p\000a\000r\000k\000\040\000P\000a\000r\000k\000i\000n\000g\000\040\000D\000a\000t\000a}{section.6}% 16
\BOOKMARK [2][-]{subsection.6.2}{\376\377\0006\000.\0002\000\040\000O\000p\000e\000n\000S\000t\000r\000e\000e\000t\000M\000a\000p\000\040\000f\000o\000r\000\040\000S\000a\000n\000\040\000F\000r\000a\000n\000c\000i\000s\000c\000o}{section.6}% 17
\BOOKMARK [2][-]{subsection.6.3}{\376\377\0006\000.\0003\000\040\000M\000e\000r\000g\000i\000n\000g\000\040\000P\000a\000r\000k\000i\000n\000g\000\040\000a\000n\000d\000\040\000C\000i\000t\000y\000\040\000D\000a\000t\000a}{section.6}% 18
\BOOKMARK [2][-]{subsection.6.4}{\376\377\0006\000.\0004\000\040\000C\000l\000u\000s\000t\000e\000r\000i\000n\000g}{section.6}% 19
\BOOKMARK [2][-]{subsection.6.5}{\376\377\0006\000.\0005\000\040\000S\000i\000m\000i\000l\000a\000r\000i\000t\000y\000\040\000F\000u\000n\000c\000t\000i\000o\000n\000s}{section.6}% 20
\BOOKMARK [2][-]{subsection.6.6}{\376\377\0006\000.\0006\000\040\000M\000o\000d\000e\000l\000\040\000T\000r\000a\000i\000n\000i\000n\000g\000\040\000a\000n\000d\000\040\000E\000v\000a\000l\000u\000a\000t\000i\000o\000n\000\040\000f\000o\000r\000\040\000C\000l\000u\000s\000t\000e\000r\000s\000\040\000w\000i\000t\000h\000\040\000P\000a\000r\000k\000i\000n\000g\000\040\000D\000a\000t\000a}{section.6}% 21
\BOOKMARK [2][-]{subsection.6.7}{\376\377\0006\000.\0007\000\040\000C\000l\000u\000s\000t\000e\000r\000e\000d\000-\000\040\000v\000s\000.\000\040\000T\000o\000t\000a\000l\000\040\000M\000o\000d\000e\000l\000s}{section.6}% 22
\BOOKMARK [2][-]{subsection.6.8}{\376\377\0006\000.\0008\000\040\000B\000e\000s\000t\000\040\000M\000o\000d\000e\000l\000\040\000M\000e\000t\000h\000o\000d}{section.6}% 23
\BOOKMARK [2][-]{subsection.6.9}{\376\377\0006\000.\0009\000\040\000S\000i\000m\000i\000l\000a\000r\000i\000t\000y\000\040\000V\000a\000l\000u\000e\000s\000\040\000v\000s\000.\000\040\000E\000s\000t\000i\000m\000a\000t\000i\000o\000n\000\040\000E\000r\000r\000o\000r\000s}{section.6}% 24
\BOOKMARK [2][-]{subsection.6.10}{\376\377\0006\000.\0001\0000\000\040\000E\000s\000t\000i\000m\000a\000t\000i\000o\000n\000s\000\040\000f\000o\000r\000\040\000C\000l\000u\000s\000t\000e\000r\000s\000\040\000w\000i\000t\000h\000o\000u\000t\000\040\000P\000a\000r\000k\000i\000n\000g\000\040\000D\000a\000t\000a}{section.6}% 25
\BOOKMARK [1][-]{section.7}{\376\377\0007\000\040\000F\000u\000t\000u\000r\000e\000\040\000W\000o\000r\000k}{}% 26
\BOOKMARK [1][-]{section.8}{\376\377\0008\000\040\000C\000o\000n\000c\000l\000u\000s\000i\000o\000n}{}% 27
\BOOKMARK [1][-]{section*.23}{\376\377\000R\000e\000f\000e\000r\000e\000n\000c\000e\000s}{}% 28
